# JRE version: OpenJDK Runtime Environment (22.0.2+9) (build 22.0.2+9-70)
# Java VM: OpenJDK 64-Bit Server VM (22.0.2+9-70, mixed mode, sharing, tiered, compressed oops, compressed class ptrs, g1 gc, windows-amd64)
GC Precious Log:
 CardTable entry size: 512
 Card Set container configuration: InlinePtr #cards 4 size 8 Array Of Cards #cards 16 size 48 Howl #buckets 8 coarsen threshold 3686 Howl Bitmap #cards 512 size 80 coarsen threshold 460 Card regions per heap region 1 cards per card region 4096
 CPUs: 8 total, 8 available
 Memory: 16129M
 Large Page Support: Disabled
 NUMA Support: Disabled
 Compressed Oops: Enabled (Zero based)
 Heap Region Size: 2M
 Heap Min Capacity: 8M
 Heap Initial Capacity: 254M
 Heap Max Capacity: 4034M
 Pre-touch: Disabled
 Parallel Workers: 8
 Concurrent Workers: 2
 Concurrent Refinement Workers: 8
 Periodic GC: Disabled
Heap:
 garbage-first heap   total reserved 4130816K, committed 1134592K, used 1081344K [0x0000000703e00000, 0x0000000800000000)
  region size 2048K, 4 young (8192K), 4 survivors (8192K)
 Metaspace       used 408K, committed 576K, reserved 1114112K
  class space    used 20K, committed 128K, reserved 1048576K
GC Heap History (20 events):
Event: 16.470 GC heap after
{Heap after GC invocations=24 (full 0):
 garbage-first heap   total reserved 4130816K, committed 253952K, used 98202K [0x0000000703e00000, 0x0000000800000000)
  region size 2048K, 2 young (4096K), 2 survivors (4096K)
 Metaspace       used 406K, committed 576K, reserved 1114112K
  class space    used 20K, committed 128K, reserved 1048576K
}
Event: 16.557 GC heap before
{Heap before GC invocations=24 (full 0):
 garbage-first heap   total reserved 4130816K, committed 253952K, used 145306K [0x0000000703e00000, 0x0000000800000000)
  region size 2048K, 25 young (51200K), 2 survivors (4096K)
 Metaspace       used 406K, committed 576K, reserved 1114112K
  class space    used 20K, committed 128K, reserved 1048576K
}
Event: 16.594 GC heap after
{Heap after GC invocations=25 (full 0):
 garbage-first heap   total reserved 4130816K, committed 253952K, used 137114K [0x0000000703e00000, 0x0000000800000000)
  region size 2048K, 4 young (8192K), 4 survivors (8192K)
 Metaspace       used 406K, committed 576K, reserved 1114112K
  class space    used 20K, committed 128K, reserved 1048576K
}
Event: 16.617 GC heap before
{Heap before GC invocations=25 (full 0):
 garbage-first heap   total reserved 4130816K, committed 253952K, used 149402K [0x0000000703e00000, 0x0000000800000000)
  region size 2048K, 12 young (24576K), 4 survivors (8192K)
 Metaspace       used 406K, committed 576K, reserved 1114112K
  class space    used 20K, committed 128K, reserved 1048576K
}
Event: 16.634 GC heap after
{Heap after GC invocations=26 (full 0):
 garbage-first heap   total reserved 4130816K, committed 761856K, used 153498K [0x0000000703e00000, 0x0000000800000000)
  region size 2048K, 3 young (6144K), 3 survivors (6144K)
 Metaspace       used 406K, committed 576K, reserved 1114112K
  class space    used 20K, committed 128K, reserved 1048576K
}
Event: 23.088 GC heap before
{Heap before GC invocations=27 (full 0):
 garbage-first heap   total reserved 4130816K, committed 761856K, used 597914K [0x0000000703e00000, 0x0000000800000000)
  region size 2048K, 27 young (55296K), 3 survivors (6144K)
 Metaspace       used 406K, committed 576K, reserved 1114112K
  class space    used 20K, committed 128K, reserved 1048576K
}
Event: 23.174 GC heap after
{Heap after GC invocations=28 (full 0):
 garbage-first heap   total reserved 4130816K, committed 761856K, used 597914K [0x0000000703e00000, 0x0000000800000000)
  region size 2048K, 4 young (8192K), 4 survivors (8192K)
 Metaspace       used 406K, committed 576K, reserved 1114112K
  class space    used 20K, committed 128K, reserved 1048576K
}
Event: 23.392 GC heap before
{Heap before GC invocations=28 (full 0):
 garbage-first heap   total reserved 4130816K, committed 761856K, used 649114K [0x0000000703e00000, 0x0000000800000000)
  region size 2048K, 29 young (59392K), 4 survivors (8192K)
 Metaspace       used 406K, committed 576K, reserved 1114112K
  class space    used 20K, committed 128K, reserved 1048576K
}
Event: 23.431 GC heap after
{Heap after GC invocations=29 (full 0):
 garbage-first heap   total reserved 4130816K, committed 761856K, used 648090K [0x0000000703e00000, 0x0000000800000000)
  region size 2048K, 4 young (8192K), 4 survivors (8192K)
 Metaspace       used 406K, committed 576K, reserved 1114112K
  class space    used 20K, committed 128K, reserved 1048576K
}
Event: 23.473 GC heap before
{Heap before GC invocations=29 (full 0):
 garbage-first heap   total reserved 4130816K, committed 761856K, used 664474K [0x0000000703e00000, 0x0000000800000000)
  region size 2048K, 13 young (26624K), 4 survivors (8192K)
 Metaspace       used 406K, committed 576K, reserved 1114112K
  class space    used 20K, committed 128K, reserved 1048576K
}
Event: 23.488 GC heap after
{Heap after GC invocations=30 (full 0):
 garbage-first heap   total reserved 4130816K, committed 761856K, used 667546K [0x0000000703e00000, 0x0000000800000000)
  region size 2048K, 3 young (6144K), 3 survivors (6144K)
 Metaspace       used 406K, committed 576K, reserved 1114112K
  class space    used 20K, committed 128K, reserved 1048576K
}
Event: 31.452 GC heap before
{Heap before GC invocations=31 (full 0):
 garbage-first heap   total reserved 4130816K, committed 1071104K, used 874496K [0x0000000703e00000, 0x0000000800000000)
  region size 2048K, 26 young (53248K), 3 survivors (6144K)
 Metaspace       used 408K, committed 576K, reserved 1114112K
  class space    used 20K, committed 128K, reserved 1048576K
}
Event: 31.548 GC heap after
{Heap after GC invocations=32 (full 0):
 garbage-first heap   total reserved 4130816K, committed 1071104K, used 872448K [0x0000000703e00000, 0x0000000800000000)
  region size 2048K, 4 young (8192K), 4 survivors (8192K)
 Metaspace       used 408K, committed 576K, reserved 1114112K
  class space    used 20K, committed 128K, reserved 1048576K
}
Event: 31.667 GC heap before
{Heap before GC invocations=32 (full 0):
 garbage-first heap   total reserved 4130816K, committed 1071104K, used 933888K [0x0000000703e00000, 0x0000000800000000)
  region size 2048K, 34 young (69632K), 4 survivors (8192K)
 Metaspace       used 408K, committed 576K, reserved 1114112K
  class space    used 20K, committed 128K, reserved 1048576K
}
Event: 31.705 GC heap after
{Heap after GC invocations=33 (full 0):
 garbage-first heap   total reserved 4130816K, committed 1071104K, used 933732K [0x0000000703e00000, 0x0000000800000000)
  region size 2048K, 5 young (10240K), 5 survivors (10240K)
 Metaspace       used 408K, committed 576K, reserved 1114112K
  class space    used 20K, committed 128K, reserved 1048576K
}
Event: 31.787 GC heap before
{Heap before GC invocations=33 (full 0):
 garbage-first heap   total reserved 4130816K, committed 1071104K, used 976740K [0x0000000703e00000, 0x0000000800000000)
  region size 2048K, 26 young (53248K), 5 survivors (10240K)
 Metaspace       used 408K, committed 576K, reserved 1114112K
  class space    used 20K, committed 128K, reserved 1048576K
}
Event: 31.815 GC heap after
{Heap after GC invocations=34 (full 0):
 garbage-first heap   total reserved 4130816K, committed 1071104K, used 982016K [0x0000000703e00000, 0x0000000800000000)
  region size 2048K, 4 young (8192K), 4 survivors (8192K)
 Metaspace       used 408K, committed 576K, reserved 1114112K
  class space    used 20K, committed 128K, reserved 1048576K
}
Event: 31.903 GC heap before
{Heap before GC invocations=34 (full 0):
 garbage-first heap   total reserved 4130816K, committed 1071104K, used 1027072K [0x0000000703e00000, 0x0000000800000000)
  region size 2048K, 26 young (53248K), 4 survivors (8192K)
 Metaspace       used 408K, committed 576K, reserved 1114112K
  class space    used 20K, committed 128K, reserved 1048576K
}
Event: 31.930 GC heap after
{Heap after GC invocations=35 (full 0):
 garbage-first heap   total reserved 4130816K, committed 1085440K, used 1032192K [0x0000000703e00000, 0x0000000800000000)
  region size 2048K, 4 young (8192K), 4 survivors (8192K)
 Metaspace       used 408K, committed 576K, reserved 1114112K
  class space    used 20K, committed 128K, reserved 1048576K
}
Event: 32.027 GC heap before
{Heap before GC invocations=35 (full 0):
 garbage-first heap   total reserved 4130816K, committed 1085440K, used 1077248K [0x0000000703e00000, 0x0000000800000000)
  region size 2048K, 26 young (53248K), 4 survivors (8192K)
 Metaspace       used 408K, committed 576K, reserved 1114112K
  class space    used 20K, committed 128K, reserved 1048576K
}

